<?xml version="1.0" encoding="UTF-8" ?>
<testsuite failures="0" time="0.01" errors="0" skipped="0" tests="1" name="br.unifesp.maritaca.business.AppTest">
  <properties>
    <property name="java.runtime.name" value="OpenJDK Runtime Environment"/>
    <property name="sun.boot.library.path" value="/usr/lib/jvm/java-6-openjdk/jre/lib/amd64"/>
    <property name="java.vm.version" value="20.0-b11"/>
    <property name="java.vm.vendor" value="Sun Microsystems Inc."/>
    <property name="java.vendor.url" value="http://java.sun.com/"/>
    <property name="path.separator" value=":"/>
    <property name="java.vm.name" value="OpenJDK 64-Bit Server VM"/>
    <property name="file.encoding.pkg" value="sun.io"/>
    <property name="user.country" value="BR"/>
    <property name="sun.java.launcher" value="SUN_STANDARD"/>
    <property name="sun.os.patch.level" value="unknown"/>
    <property name="java.vm.specification.name" value="Java Virtual Machine Specification"/>
    <property name="user.dir" value="/home/alvaro/workspace_ejb/maritaca-gcode/server/maritaca-business"/>
    <property name="java.runtime.version" value="1.6.0_23-b23"/>
    <property name="java.awt.graphicsenv" value="sun.awt.X11GraphicsEnvironment"/>
    <property name="basedir" value="/home/alvaro/workspace_ejb/maritaca-gcode/server/maritaca-business"/>
    <property name="java.endorsed.dirs" value="/usr/lib/jvm/java-6-openjdk/jre/lib/endorsed"/>
    <property name="os.arch" value="amd64"/>
    <property name="surefire.real.class.path" value="/tmp/surefirebooter5788735697800719573.jar"/>
    <property name="java.io.tmpdir" value="/tmp"/>
    <property name="line.separator" value="
"/>
    <property name="java.vm.specification.vendor" value="Sun Microsystems Inc."/>
    <property name="os.name" value="Linux"/>
    <property name="sun.jnu.encoding" value="UTF-8"/>
    <property name="java.library.path" value="/usr/lib/jvm/java-6-openjdk/jre/lib/amd64/server:/usr/lib/jvm/java-6-openjdk/jre/lib/amd64:/usr/lib/jvm/java-6-openjdk/jre/../lib/amd64:/usr/java/packages/lib/amd64:/usr/lib/jni:/lib:/usr/lib"/>
    <property name="surefire.test.class.path" value="/home/alvaro/workspace_ejb/maritaca-gcode/server/maritaca-business/target/test-classes:/home/alvaro/workspace_ejb/maritaca-gcode/server/maritaca-business/target/classes:/home/alvaro/workspace_ejb/maritaca-gcode/server/core/target/maritaca-core-0.0.10.jar:/home/alvaro/.m2/repository/me/prettyprint/hector-core/1.0-2/hector-core-1.0-2.jar:/home/alvaro/.m2/repository/commons-lang/commons-lang/2.4/commons-lang-2.4.jar:/home/alvaro/.m2/repository/commons-pool/commons-pool/1.5.3/commons-pool-1.5.3.jar:/home/alvaro/.m2/repository/org/apache/cassandra/cassandra-thrift/1.0.6/cassandra-thrift-1.0.6.jar:/home/alvaro/.m2/repository/org/slf4j/slf4j-api/1.6.1/slf4j-api-1.6.1.jar:/home/alvaro/.m2/repository/org/apache/thrift/libthrift/0.6.1/libthrift-0.6.1.jar:/home/alvaro/.m2/repository/junit/junit/3.8.1/junit-3.8.1.jar:/home/alvaro/.m2/repository/commons-logging/commons-logging/1.1.1/commons-logging-1.1.1.jar:/home/alvaro/.m2/repository/commons-codec/commons-codec/1.2/commons-codec-1.2.jar:/home/alvaro/.m2/repository/org/slf4j/slf4j-log4j12/1.6.1/slf4j-log4j12-1.6.1.jar:/home/alvaro/.m2/repository/log4j/log4j/1.2.16/log4j-1.2.16.jar:/home/alvaro/.m2/repository/com/google/guava/guava/r09/guava-r09.jar:/home/alvaro/.m2/repository/com/github/stephenc/eaio-uuid/uuid/3.2.0/uuid-3.2.0.jar:/home/alvaro/.m2/repository/com/ecyrd/speed4j/speed4j/0.9/speed4j-0.9.jar:/home/alvaro/.m2/repository/org/apache/cassandra/cassandra-all/1.0.6/cassandra-all-1.0.6.jar:/home/alvaro/.m2/repository/org/xerial/snappy/snappy-java/1.0.4.1/snappy-java-1.0.4.1.jar:/home/alvaro/.m2/repository/com/ning/compress-lzf/0.8.4/compress-lzf-0.8.4.jar:/home/alvaro/.m2/repository/commons-cli/commons-cli/1.1/commons-cli-1.1.jar:/home/alvaro/.m2/repository/com/googlecode/concurrentlinkedhashmap/concurrentlinkedhashmap-lru/1.2/concurrentlinkedhashmap-lru-1.2.jar:/home/alvaro/.m2/repository/org/antlr/antlr/3.2/antlr-3.2.jar:/home/alvaro/.m2/repository/org/antlr/antlr-runtime/3.2/antlr-runtime-3.2.jar:/home/alvaro/.m2/repository/org/antlr/stringtemplate/3.2/stringtemplate-3.2.jar:/home/alvaro/.m2/repository/antlr/antlr/2.7.7/antlr-2.7.7.jar:/home/alvaro/.m2/repository/org/apache/cassandra/deps/avro/1.4.0-cassandra-1/avro-1.4.0-cassandra-1.jar:/home/alvaro/.m2/repository/org/codehaus/jackson/jackson-mapper-asl/1.4.0/jackson-mapper-asl-1.4.0.jar:/home/alvaro/.m2/repository/org/codehaus/jackson/jackson-core-asl/1.4.0/jackson-core-asl-1.4.0.jar:/home/alvaro/.m2/repository/org/mortbay/jetty/jetty/6.1.22/jetty-6.1.22.jar:/home/alvaro/.m2/repository/org/mortbay/jetty/jetty-util/6.1.22/jetty-util-6.1.22.jar:/home/alvaro/.m2/repository/org/mortbay/jetty/servlet-api/2.5-20081211/servlet-api-2.5-20081211.jar:/home/alvaro/.m2/repository/jline/jline/0.9.94/jline-0.9.94.jar:/home/alvaro/.m2/repository/com/googlecode/json-simple/json-simple/1.1/json-simple-1.1.jar:/home/alvaro/.m2/repository/com/github/stephenc/high-scale-lib/high-scale-lib/1.1.2/high-scale-lib-1.1.2.jar:/home/alvaro/.m2/repository/org/yaml/snakeyaml/1.6/snakeyaml-1.6.jar:/home/alvaro/.m2/repository/com/github/stephenc/jamm/0.2.5/jamm-0.2.5.jar:/home/alvaro/.m2/repository/org/apache/openjpa/openjpa-persistence/2.1.0/openjpa-persistence-2.1.0.jar:/home/alvaro/.m2/repository/org/apache/geronimo/specs/geronimo-jpa_2.0_spec/1.1/geronimo-jpa_2.0_spec-1.1.jar:/home/alvaro/.m2/repository/com/sun/faces/jsf-api/2.1.4/jsf-api-2.1.4.jar:/home/alvaro/.m2/repository/com/sun/faces/jsf-impl/2.1.4/jsf-impl-2.1.4.jar:/home/alvaro/.m2/repository/javax/javaee-api/6.0/javaee-api-6.0.jar:"/>
    <property name="java.specification.name" value="Java Platform API Specification"/>
    <property name="java.class.version" value="50.0"/>
    <property name="sun.management.compiler" value="HotSpot 64-Bit Tiered Compilers"/>
    <property name="os.version" value="3.0.0-16-generic"/>
    <property name="user.home" value="/home/alvaro"/>
    <property name="user.timezone" value=""/>
    <property name="java.awt.printerjob" value="sun.print.PSPrinterJob"/>
    <property name="file.encoding" value="UTF-8"/>
    <property name="java.specification.version" value="1.6"/>
    <property name="user.name" value="alvaro"/>
    <property name="java.class.path" value="/home/alvaro/workspace_ejb/maritaca-gcode/server/maritaca-business/target/test-classes:/home/alvaro/workspace_ejb/maritaca-gcode/server/maritaca-business/target/classes:/home/alvaro/workspace_ejb/maritaca-gcode/server/core/target/maritaca-core-0.0.10.jar:/home/alvaro/.m2/repository/me/prettyprint/hector-core/1.0-2/hector-core-1.0-2.jar:/home/alvaro/.m2/repository/commons-lang/commons-lang/2.4/commons-lang-2.4.jar:/home/alvaro/.m2/repository/commons-pool/commons-pool/1.5.3/commons-pool-1.5.3.jar:/home/alvaro/.m2/repository/org/apache/cassandra/cassandra-thrift/1.0.6/cassandra-thrift-1.0.6.jar:/home/alvaro/.m2/repository/org/slf4j/slf4j-api/1.6.1/slf4j-api-1.6.1.jar:/home/alvaro/.m2/repository/org/apache/thrift/libthrift/0.6.1/libthrift-0.6.1.jar:/home/alvaro/.m2/repository/junit/junit/3.8.1/junit-3.8.1.jar:/home/alvaro/.m2/repository/commons-logging/commons-logging/1.1.1/commons-logging-1.1.1.jar:/home/alvaro/.m2/repository/commons-codec/commons-codec/1.2/commons-codec-1.2.jar:/home/alvaro/.m2/repository/org/slf4j/slf4j-log4j12/1.6.1/slf4j-log4j12-1.6.1.jar:/home/alvaro/.m2/repository/log4j/log4j/1.2.16/log4j-1.2.16.jar:/home/alvaro/.m2/repository/com/google/guava/guava/r09/guava-r09.jar:/home/alvaro/.m2/repository/com/github/stephenc/eaio-uuid/uuid/3.2.0/uuid-3.2.0.jar:/home/alvaro/.m2/repository/com/ecyrd/speed4j/speed4j/0.9/speed4j-0.9.jar:/home/alvaro/.m2/repository/org/apache/cassandra/cassandra-all/1.0.6/cassandra-all-1.0.6.jar:/home/alvaro/.m2/repository/org/xerial/snappy/snappy-java/1.0.4.1/snappy-java-1.0.4.1.jar:/home/alvaro/.m2/repository/com/ning/compress-lzf/0.8.4/compress-lzf-0.8.4.jar:/home/alvaro/.m2/repository/commons-cli/commons-cli/1.1/commons-cli-1.1.jar:/home/alvaro/.m2/repository/com/googlecode/concurrentlinkedhashmap/concurrentlinkedhashmap-lru/1.2/concurrentlinkedhashmap-lru-1.2.jar:/home/alvaro/.m2/repository/org/antlr/antlr/3.2/antlr-3.2.jar:/home/alvaro/.m2/repository/org/antlr/antlr-runtime/3.2/antlr-runtime-3.2.jar:/home/alvaro/.m2/repository/org/antlr/stringtemplate/3.2/stringtemplate-3.2.jar:/home/alvaro/.m2/repository/antlr/antlr/2.7.7/antlr-2.7.7.jar:/home/alvaro/.m2/repository/org/apache/cassandra/deps/avro/1.4.0-cassandra-1/avro-1.4.0-cassandra-1.jar:/home/alvaro/.m2/repository/org/codehaus/jackson/jackson-mapper-asl/1.4.0/jackson-mapper-asl-1.4.0.jar:/home/alvaro/.m2/repository/org/codehaus/jackson/jackson-core-asl/1.4.0/jackson-core-asl-1.4.0.jar:/home/alvaro/.m2/repository/org/mortbay/jetty/jetty/6.1.22/jetty-6.1.22.jar:/home/alvaro/.m2/repository/org/mortbay/jetty/jetty-util/6.1.22/jetty-util-6.1.22.jar:/home/alvaro/.m2/repository/org/mortbay/jetty/servlet-api/2.5-20081211/servlet-api-2.5-20081211.jar:/home/alvaro/.m2/repository/jline/jline/0.9.94/jline-0.9.94.jar:/home/alvaro/.m2/repository/com/googlecode/json-simple/json-simple/1.1/json-simple-1.1.jar:/home/alvaro/.m2/repository/com/github/stephenc/high-scale-lib/high-scale-lib/1.1.2/high-scale-lib-1.1.2.jar:/home/alvaro/.m2/repository/org/yaml/snakeyaml/1.6/snakeyaml-1.6.jar:/home/alvaro/.m2/repository/com/github/stephenc/jamm/0.2.5/jamm-0.2.5.jar:/home/alvaro/.m2/repository/org/apache/openjpa/openjpa-persistence/2.1.0/openjpa-persistence-2.1.0.jar:/home/alvaro/.m2/repository/org/apache/geronimo/specs/geronimo-jpa_2.0_spec/1.1/geronimo-jpa_2.0_spec-1.1.jar:/home/alvaro/.m2/repository/com/sun/faces/jsf-api/2.1.4/jsf-api-2.1.4.jar:/home/alvaro/.m2/repository/com/sun/faces/jsf-impl/2.1.4/jsf-impl-2.1.4.jar:/home/alvaro/.m2/repository/javax/javaee-api/6.0/javaee-api-6.0.jar:"/>
    <property name="java.vm.specification.version" value="1.0"/>
    <property name="sun.arch.data.model" value="64"/>
    <property name="java.home" value="/usr/lib/jvm/java-6-openjdk/jre"/>
    <property name="sun.java.command" value="/tmp/surefirebooter5788735697800719573.jar /tmp/surefire1822078004321121161tmp /tmp/surefire4220730414211965022tmp"/>
    <property name="java.specification.vendor" value="Sun Microsystems Inc."/>
    <property name="user.language" value="pt"/>
    <property name="java.vm.info" value="mixed mode"/>
    <property name="java.version" value="1.6.0_23"/>
    <property name="java.ext.dirs" value="/usr/lib/jvm/java-6-openjdk/jre/lib/ext:/usr/java/packages/lib/ext"/>
    <property name="sun.boot.class.path" value="/usr/lib/jvm/java-6-openjdk/jre/lib/resources.jar:/usr/lib/jvm/java-6-openjdk/jre/lib/rt.jar:/usr/lib/jvm/java-6-openjdk/jre/lib/sunrsasign.jar:/usr/lib/jvm/java-6-openjdk/jre/lib/jsse.jar:/usr/lib/jvm/java-6-openjdk/jre/lib/jce.jar:/usr/lib/jvm/java-6-openjdk/jre/lib/charsets.jar:/usr/lib/jvm/java-6-openjdk/jre/lib/netx.jar:/usr/lib/jvm/java-6-openjdk/jre/lib/plugin.jar:/usr/lib/jvm/java-6-openjdk/jre/lib/rhino.jar:/usr/lib/jvm/java-6-openjdk/jre/lib/modules/jdk.boot.jar:/usr/lib/jvm/java-6-openjdk/jre/classes"/>
    <property name="java.vendor" value="Sun Microsystems Inc."/>
    <property name="localRepository" value="/home/alvaro/.m2/repository"/>
    <property name="file.separator" value="/"/>
    <property name="java.vendor.url.bug" value="http://java.sun.com/cgi-bin/bugreport.cgi"/>
    <property name="sun.cpu.endian" value="little"/>
    <property name="sun.io.unicode.encoding" value="UnicodeLittle"/>
    <property name="sun.desktop" value="gnome"/>
    <property name="sun.cpu.isalist" value=""/>
  </properties>
  <testcase time="0.002" classname="br.unifesp.maritaca.business.AppTest" name="testApp"/>
</testsuite>